TN:
SF:errors/httpErrors.js
FN:2,(anonymous_0)
FNF:1
FNH:1
FNDA:2,(anonymous_0)
DA:3,2
DA:4,2
DA:5,2
DA:8,1
LF:4
LH:4
BRF:0
BRH:0
end_of_record
TN:
SF:src/middleware/authValidator.js
FN:9,(anonymous_0)
FNF:1
FNH:1
FNDA:4,(anonymous_0)
DA:1,1
DA:2,1
DA:3,1
DA:5,1
DA:9,1
DA:10,4
DA:11,4
DA:12,4
DA:13,4
DA:14,1
DA:17,3
DA:18,2
DA:19,1
DA:21,1
DA:25,3
DA:26,2
DA:27,1
DA:28,0
DA:31,1
DA:36,1
LF:20
LH:19
BRDA:13,0,0,1
BRDA:13,0,1,3
BRDA:18,1,0,1
BRDA:18,1,1,1
BRDA:25,2,0,2
BRDA:25,2,1,1
BRDA:27,3,0,0
BRDA:27,3,1,1
BRF:8
BRH:7
end_of_record
